<?xml version="1.0" encoding="UTF-8"?>
<!-- Generated by org.testng.reporters.JUnitReportReporter -->
<testsuite hostname="Santhosh" name="Soap.testRunner2" tests="2" failures="0" timestamp="20 Jun 2020 12:33:06 GMT" time="3.841" errors="0">
  <testcase name="SecondTest" time="3.809" classname="Soap.testRunner2"/>
  <testcase name="SingleTest" time="0.032" classname="Soap.testRunner2"/>
</testsuite> <!-- Soap.testRunner2 -->
