<?xml version="1.0" encoding="UTF-8"?>
<!-- Generated by org.testng.reporters.JUnitReportReporter -->
<testsuite hostname="Santhosh" name="restRunner" tests="1" failures="0" timestamp="20 Jun 2020 10:42:27 GMT" time="4.627" errors="0">
  <testcase name="SoapTest" time="4.627" classname="restRunner"/>
</testsuite> <!-- restRunner -->
