<?xml version="1.0" encoding="UTF-8"?>
<!-- Generated by org.testng.reporters.JUnitReportReporter -->
<testsuite hostname="Santhosh" name="Rest.restRunner" tests="1" failures="0" timestamp="20 Jun 2020 12:33:06 GMT" time="1.308" errors="0">
  <testcase name="SoapTest" time="1.308" classname="Rest.restRunner"/>
</testsuite> <!-- Rest.restRunner -->
