<?xml version="1.0" encoding="UTF-8"?>
<!-- Generated by org.testng.reporters.JUnitReportReporter -->
<testsuite hostname="Santhosh" name="testRunner2" tests="2" failures="0" timestamp="20 Jun 2020 10:35:08 GMT" time="4.074" errors="0">
  <testcase name="SingleTest" time="0.083" classname="testRunner2"/>
  <testcase name="SecondTest" time="3.991" classname="testRunner2"/>
</testsuite> <!-- testRunner2 -->
